Specified filename /home/ubuntu/workspace/.smf/app.sfTranspiler does not exist.
├─ ️☠️ ──────────── Watcher Starting Error  ──────────────────
├─ » 	 Check Following Folders Exist
├─ »  - /home/ubuntu/workspace/.ui
├─ »  - /home/ubuntu/workspace/themes
├─ »     at stop (/home/ubuntu/.nvm/versions/node/v6.9.2/lib/node_modules/smartface-transpiler/src/core/watcher.js:124:37)
├─ »     at isExistsFileDir.then.res (/home/ubuntu/.nvm/versions/node/v6.9.2/lib/node_modules/smartface-transpiler/src/util/intervalChecker.js:13:33)
/home/ubuntu/workspace/.smf/app.sfTranspiler:
├─ ️☠️ ──────────── Watcher Starting Error  ──────────────────
├─ » 	 Check Following Folders Exist
├─ »  - /home/ubuntu/workspace/.ui
├─ »  - /home/ubuntu/workspace/themes
├─ »     at stop (/home/ubuntu/.nvm/versions/node/v6.9.2/lib/node_modules/smartface-transpiler/src/core/watcher.js:124:37)
├─ »     at isExistsFileDir.then.res (/home/ubuntu/.nvm/versions/node/v6.9.2/lib/node_modules/smartface-transpiler/src/util/intervalChecker.js:13:33)
├─ ️☠️ ──────────── Watcher Starting Error  ──────────────────
├─ » 	 Check Following Folders Exist
├─ »  - /home/ubuntu/workspace/.ui
├─ »  - /home/ubuntu/workspace/themes
├─ »     at stop (/home/ubuntu/.nvm/versions/node/v6.9.2/lib/node_modules/smartface-transpiler/src/core/watcher.js:124:37)
├─ »     at isExistsFileDir.then.res (/home/ubuntu/.nvm/versions/node/v6.9.2/lib/node_modules/smartface-transpiler/src/util/intervalChecker.js:13:33)
├─ ️☠️ ──────────── Watcher Starting Error  ──────────────────
├─ » 	 Check Following Folders Exist
├─ »  - /home/ubuntu/workspace/.ui
├─ »  - /home/ubuntu/workspace/themes
├─ »     at stop (/home/ubuntu/.nvm/versions/node/v6.9.2/lib/node_modules/smartface-transpiler/src/core/watcher.js:124:37)
├─ »     at isExistsFileDir.then.res (/home/ubuntu/.nvm/versions/node/v6.9.2/lib/node_modules/smartface-transpiler/src/util/intervalChecker.js:13:33)
├─ ️☠️ ──────────── Watcher Starting Error  ──────────────────
├─ » 	 Check Following Folders Exist
├─ »  - /home/ubuntu/workspace/.ui
├─ »  - /home/ubuntu/workspace/themes
├─ »     at stop (/home/ubuntu/.nvm/versions/node/v6.9.2/lib/node_modules/smartface-transpiler/src/core/watcher.js:124:37)
├─ »     at isExistsFileDir.then.res (/home/ubuntu/.nvm/versions/node/v6.9.2/lib/node_modules/smartface-transpiler/src/util/intervalChecker.js:13:33)
├─ ️☠️ ──────────── Watcher Starting Error  ──────────────────
├─ » 	 Check Following Folders Exist
├─ »  - /home/ubuntu/workspace/.ui
├─ »  - /home/ubuntu/workspace/themes
├─ »     at stop (/home/ubuntu/.nvm/versions/node/v6.9.2/lib/node_modules/smartface-transpiler/src/core/watcher.js:124:37)
├─ »     at isExistsFileDir.then.res (/home/ubuntu/.nvm/versions/node/v6.9.2/lib/node_modules/smartface-transpiler/src/util/intervalChecker.js:13:33)
├─ ️☠️ ──────────── Watcher Starting Error  ──────────────────
├─ » 	 Check Following Folders Exist
├─ »  - /home/ubuntu/workspace/.ui
├─ »  - /home/ubuntu/workspace/themes
├─ »     at stop (/home/ubuntu/.nvm/versions/node/v6.9.2/lib/node_modules/smartface-transpiler/src/core/watcher.js:124:37)
├─ »     at isExistsFileDir.then.res (/home/ubuntu/.nvm/versions/node/v6.9.2/lib/node_modules/smartface-transpiler/src/util/intervalChecker.js:13:33)
├─ ️☠️ ──────────── Watcher Starting Error  ──────────────────
├─ » 	 Check Following Folders Exist
├─ »  - /home/ubuntu/workspace/.ui
├─ »  - /home/ubuntu/workspace/themes
├─ »     at stop (/home/ubuntu/.nvm/versions/node/v6.9.2/lib/node_modules/smartface-transpiler/src/core/watcher.js:124:37)
├─ »     at isExistsFileDir.then.res (/home/ubuntu/.nvm/versions/node/v6.9.2/lib/node_modules/smartface-transpiler/src/util/intervalChecker.js:13:33)
├─ ️☠️ ──────────── Watcher Starting Error  ──────────────────
├─ » 	 Check Following Folders Exist
├─ »  - /home/ubuntu/workspace/.ui
├─ »  - /home/ubuntu/workspace/themes
├─ »     at stop (/home/ubuntu/.nvm/versions/node/v6.9.2/lib/node_modules/smartface-transpiler/src/core/watcher.js:124:37)
├─ »     at isExistsFileDir.then.res (/home/ubuntu/.nvm/versions/node/v6.9.2/lib/node_modules/smartface-transpiler/src/util/intervalChecker.js:13:33)
├─ ️☠️ ──────────── Watcher Starting Error  ──────────────────
├─ » 	 Check Following Folders Exist
├─ »  - /home/ubuntu/workspace/.ui
├─ »  - /home/ubuntu/workspace/themes
├─ »     at stop (/home/ubuntu/.nvm/versions/node/v6.9.2/lib/node_modules/smartface-transpiler/src/core/watcher.js:124:37)
├─ »     at isExistsFileDir.then.res (/home/ubuntu/.nvm/versions/node/v6.9.2/lib/node_modules/smartface-transpiler/src/util/intervalChecker.js:13:33)
├─ ️☠️ ──────────── Watcher Starting Error  ──────────────────
├─ » 	 Check Following Folders Exist
├─ »  - /home/ubuntu/workspace/.ui
├─ »  - /home/ubuntu/workspace/themes
├─ »     at stop (/home/ubuntu/.nvm/versions/node/v6.9.2/lib/node_modules/smartface-transpiler/src/core/watcher.js:124:37)
├─ »     at isExistsFileDir.then.res (/home/ubuntu/.nvm/versions/node/v6.9.2/lib/node_modules/smartface-transpiler/src/util/intervalChecker.js:13:33)
├─ ️☠️ ──────────── Watcher Starting Error  ──────────────────
├─ » 	 Check Following Folders Exist
├─ »  - /home/ubuntu/workspace/.ui
├─ »  - /home/ubuntu/workspace/themes
├─ »     at stop (/home/ubuntu/.nvm/versions/node/v6.9.2/lib/node_modules/smartface-transpiler/src/core/watcher.js:124:37)
├─ »     at isExistsFileDir.then.res (/home/ubuntu/.nvm/versions/node/v6.9.2/lib/node_modules/smartface-transpiler/src/util/intervalChecker.js:13:33)
├─ ️☠️ ──────────── Watcher Starting Error  ──────────────────
├─ » 	 Check Following Folders Exist
├─ »  - /home/ubuntu/workspace/.ui
├─ »  - /home/ubuntu/workspace/themes
├─ »     at stop (/home/ubuntu/.nvm/versions/node/v6.9.2/lib/node_modules/smartface-transpiler/src/core/watcher.js:124:37)
├─ »     at isExistsFileDir.then.res (/home/ubuntu/.nvm/versions/node/v6.9.2/lib/node_modules/smartface-transpiler/src/util/intervalChecker.js:13:33)
├─ ️☠️ ──────────── Watcher Starting Error  ──────────────────
├─ » 	 Check Following Folders Exist
├─ »  - /home/ubuntu/workspace/.ui
├─ »  - /home/ubuntu/workspace/themes
├─ »     at stop (/home/ubuntu/.nvm/versions/node/v6.9.2/lib/node_modules/smartface-transpiler/src/core/watcher.js:124:37)
├─ »     at isExistsFileDir.then.res (/home/ubuntu/.nvm/versions/node/v6.9.2/lib/node_modules/smartface-transpiler/src/util/intervalChecker.js:13:33)
├─ ️☠️ ──────────── Watcher Starting Error  ──────────────────
├─ » 	 Check Following Folders Exist
├─ »  - /home/ubuntu/workspace/.ui
├─ »  - /home/ubuntu/workspace/themes
├─ »     at stop (/home/ubuntu/.nvm/versions/node/v6.9.2/lib/node_modules/smartface-transpiler/src/core/watcher.js:124:37)
├─ »     at isExistsFileDir.then.res (/home/ubuntu/.nvm/versions/node/v6.9.2/lib/node_modules/smartface-transpiler/src/util/intervalChecker.js:13:33)
├─ ️☠️ ──────────── Watcher Starting Error  ──────────────────
├─ » 	 Check Following Folders Exist
├─ »  - /home/ubuntu/workspace/.ui
├─ »  - /home/ubuntu/workspace/themes
├─ »     at stop (/home/ubuntu/.nvm/versions/node/v6.9.2/lib/node_modules/smartface-transpiler/src/core/watcher.js:124:37)
├─ »     at isExistsFileDir.then.res (/home/ubuntu/.nvm/versions/node/v6.9.2/lib/node_modules/smartface-transpiler/src/util/intervalChecker.js:13:33)
├─ ️☠️ ──────────── Watcher Starting Error  ──────────────────
├─ » 	 Check Following Folders Exist
├─ »  - /home/ubuntu/workspace/.ui
├─ »  - /home/ubuntu/workspace/themes
├─ »     at stop (/home/ubuntu/.nvm/versions/node/v6.9.2/lib/node_modules/smartface-transpiler/src/core/watcher.js:124:37)
├─ »     at isExistsFileDir.then.res (/home/ubuntu/.nvm/versions/node/v6.9.2/lib/node_modules/smartface-transpiler/src/util/intervalChecker.js:13:33)
├─ ️☠️ ──────────── Watcher Starting Error  ──────────────────
├─ » 	 Check Following Folders Exist
├─ »  - /home/ubuntu/workspace/.ui
├─ »  - /home/ubuntu/workspace/themes
├─ »     at stop (/home/ubuntu/.nvm/versions/node/v6.9.2/lib/node_modules/smartface-transpiler/src/core/watcher.js:124:37)
├─ »     at isExistsFileDir.then.res (/home/ubuntu/.nvm/versions/node/v6.9.2/lib/node_modules/smartface-transpiler/src/util/intervalChecker.js:13:33)
├─ ️☠️ ──────────── Watcher Starting Error  ──────────────────
├─ » 	 Check Following Folders Exist
├─ »  - /home/ubuntu/workspace/.ui
├─ »  - /home/ubuntu/workspace/themes
├─ »     at stop (/home/ubuntu/.nvm/versions/node/v6.9.2/lib/node_modules/smartface-transpiler/src/core/watcher.js:124:37)
├─ »     at isExistsFileDir.then.res (/home/ubuntu/.nvm/versions/node/v6.9.2/lib/node_modules/smartface-transpiler/src/util/intervalChecker.js:13:33)
├─ ️☠️ ──────────── Watcher Starting Error  ──────────────────
├─ » 	 Check Following Folders Exist
├─ »  - /home/ubuntu/workspace/.ui
├─ »  - /home/ubuntu/workspace/themes
├─ »     at stop (/home/ubuntu/.nvm/versions/node/v6.9.2/lib/node_modules/smartface-transpiler/src/core/watcher.js:124:37)
├─ »     at isExistsFileDir.then.res (/home/ubuntu/.nvm/versions/node/v6.9.2/lib/node_modules/smartface-transpiler/src/util/intervalChecker.js:13:33)
├─ ️☠️ ──────────── Config File Error  ──────────────────
├─ » Syntax	 /home/ubuntu/workspace/scripts/settings.json: Unexpected end of JSON input
├─ »     at Object.parse (native)
├─ »     at Object.readFileSync (/home/ubuntu/.nvm/versions/node/v6.9.2/lib/node_modules/smartface-transpiler/node_modules/jsonfile/index.js:70:17)
├─ »     at Object.initPathsFromConfigFile (/home/ubuntu/.nvm/versions/node/v6.9.2/lib/node_modules/smartface-transpiler/src/config.js:49:30)
├─ »     at Timeout._ [as _onTimeout] (/home/ubuntu/.nvm/versions/node/v6.9.2/lib/node_modules/smartface-transpiler/index.js:60:52)
├─ »     at ontimeout (timers.js:365:14)
├─ »     at tryOnTimeout (timers.js:237:5)
├─ »     at Timer.listOnTimeout (timers.js:207:5)
├─ ️☠️ ──────────── Watcher Starting Error  ──────────────────
├─ » 	 Check Following Folders Exist
├─ »  - /home/ubuntu/workspace/.ui
├─ »  - /home/ubuntu/workspace/themes
├─ »     at stop (/home/ubuntu/.nvm/versions/node/v6.9.2/lib/node_modules/smartface-transpiler/src/core/watcher.js:124:37)
├─ »     at isExistsFileDir.then.res (/home/ubuntu/.nvm/versions/node/v6.9.2/lib/node_modules/smartface-transpiler/src/util/intervalChecker.js:13:33)
├─ ️☠️ ──────────── Watcher Starting Error  ──────────────────
├─ » 	 Check Following Folders Exist
├─ »  - /home/ubuntu/workspace/.ui
├─ »  - /home/ubuntu/workspace/themes
├─ »     at stop (/home/ubuntu/.nvm/versions/node/v6.9.2/lib/node_modules/smartface-transpiler/src/core/watcher.js:124:37)
├─ »     at isExistsFileDir.then.res (/home/ubuntu/.nvm/versions/node/v6.9.2/lib/node_modules/smartface-transpiler/src/util/intervalChecker.js:13:33)
├─ ️☠️ ──────────── Watcher Starting Error  ──────────────────
├─ » 	 Check Following Folders Exist
├─ »  - /home/ubuntu/workspace/.ui
├─ »  - /home/ubuntu/workspace/themes
├─ »     at stop (/home/ubuntu/.nvm/versions/node/v6.9.2/lib/node_modules/smartface-transpiler/src/core/watcher.js:124:37)
├─ »     at isExistsFileDir.then.res (/home/ubuntu/.nvm/versions/node/v6.9.2/lib/node_modules/smartface-transpiler/src/util/intervalChecker.js:13:33)
├─ ️☠️ ──────────── Watcher Starting Error  ──────────────────
├─ » 	 Check Following Folders Exist
├─ »  - /home/ubuntu/workspace/.ui
├─ »  - /home/ubuntu/workspace/themes
├─ »     at stop (/home/ubuntu/.nvm/versions/node/v6.9.2/lib/node_modules/smartface-transpiler/src/core/watcher.js:124:37)
├─ »     at isExistsFileDir.then.res (/home/ubuntu/.nvm/versions/node/v6.9.2/lib/node_modules/smartface-transpiler/src/util/intervalChecker.js:13:33)
├─ ️☠️ ──────────── Watcher Starting Error  ──────────────────
├─ » 	 Check Following Folders Exist
├─ »  - /home/ubuntu/workspace/.ui
├─ »  - /home/ubuntu/workspace/themes
├─ »     at stop (/home/ubuntu/.nvm/versions/node/v6.9.2/lib/node_modules/smartface-transpiler/src/core/watcher.js:124:37)
├─ »     at isExistsFileDir.then.res (/home/ubuntu/.nvm/versions/node/v6.9.2/lib/node_modules/smartface-transpiler/src/util/intervalChecker.js:13:33)
├─ ️☠️ ──────────── Watcher Starting Error  ──────────────────
├─ » 	 Check Following Folders Exist
├─ »  - /home/ubuntu/workspace/.ui
├─ »  - /home/ubuntu/workspace/themes
├─ »     at stop (/home/ubuntu/.nvm/versions/node/v6.9.2/lib/node_modules/smartface-transpiler/src/core/watcher.js:124:37)
├─ »     at isExistsFileDir.then.res (/home/ubuntu/.nvm/versions/node/v6.9.2/lib/node_modules/smartface-transpiler/src/util/intervalChecker.js:13:33)
├─ ️☠️ ──────────── Watcher Starting Error  ──────────────────
├─ » 	 Check Following Folders Exist
├─ »  - /home/ubuntu/workspace/.ui
├─ »  - /home/ubuntu/workspace/themes
├─ »     at stop (/home/ubuntu/.nvm/versions/node/v6.9.2/lib/node_modules/smartface-transpiler/src/core/watcher.js:124:37)
├─ »     at isExistsFileDir.then.res (/home/ubuntu/.nvm/versions/node/v6.9.2/lib/node_modules/smartface-transpiler/src/util/intervalChecker.js:13:33)
├─ ️☠️ ──────────── Watcher Starting Error  ──────────────────
├─ » 	 Check Following Folders Exist
├─ »  - /home/ubuntu/workspace/.ui
├─ »  - /home/ubuntu/workspace/themes
├─ »     at stop (/home/ubuntu/.nvm/versions/node/v6.9.2/lib/node_modules/smartface-transpiler/src/core/watcher.js:124:37)
├─ »     at isExistsFileDir.then.res (/home/ubuntu/.nvm/versions/node/v6.9.2/lib/node_modules/smartface-transpiler/src/util/intervalChecker.js:13:33)
SyntaxError: Unexpected token o in JSON at position 1
    at Object.parse (native)
    at Socket.<anonymous> (/home/ubuntu/.nvm/versions/node/v6.9.2/lib/node_modules/smartface-transpiler/src/watcherHandler.js:120:75)
    at emitOne (events.js:96:13)
    at Socket.emit (events.js:188:7)
    at readableAddChunk (_stream_readable.js:176:18)
    at Socket.Readable.push (_stream_readable.js:134:10)
    at Pipe.onread (net.js:548:20)
/home/ubuntu/workspace/.smf/app.sfTranspiler:
SyntaxError: Unexpected token o in JSON at position 1
    at Object.parse (native)
    at Socket.<anonymous> (/home/ubuntu/.nvm/versions/node/v6.9.2/lib/node_modules/smartface-transpiler/src/watcherHandler.js:120:75)
    at emitOne (events.js:96:13)
    at Socket.emit (events.js:188:7)
    at readableAddChunk (_stream_readable.js:176:18)
    at Socket.Readable.push (_stream_readable.js:134:10)
    at Pipe.onread (net.js:548:20)
/home/ubuntu/workspace/.smf/app.sfTranspiler:
/home/ubuntu/workspace/.smf/app.sfTranspiler:
